[debug] [2020-09-28T01:32:39.955Z] ----------------------------------------------------------------------
[debug] [2020-09-28T01:32:39.958Z] Command:       /usr/local/Cellar/node/14.12.0/bin/node /usr/local/bin/firebase emulators:start --only functions
[debug] [2020-09-28T01:32:39.959Z] CLI Version:   8.11.2
[debug] [2020-09-28T01:32:39.959Z] Platform:      darwin
[debug] [2020-09-28T01:32:39.959Z] Node Version:  v14.12.0
[debug] [2020-09-28T01:32:39.961Z] Time:          Mon Sep 28 2020 11:32:39 GMT+1000 (Australian Eastern Standard Time)
[debug] [2020-09-28T01:32:39.961Z] ----------------------------------------------------------------------
[debug] [2020-09-28T01:32:39.961Z] 
[debug] [2020-09-28T01:32:39.970Z] > command requires scopes: ["email","openid","https://www.googleapis.com/auth/cloudplatformprojects.readonly","https://www.googleapis.com/auth/firebase","https://www.googleapis.com/auth/cloud-platform"]
[debug] [2020-09-28T01:32:39.971Z] > authorizing via signed-in user
[info] i  emulators: Starting emulators: functions {"metadata":{"emulator":{"name":"hub"},"message":"Starting emulators: functions"}}
[debug] [2020-09-28T01:32:40.004Z] [hub] writing locator at /var/folders/tv/sdhxh6vn3qq5sxg1ql846dnw0000gp/T/hub-fir-twilio-video-chat.json
[warn] ⚠  functions: The following emulators are not running, calls to these services from the Functions emulator will affect production: auth, firestore, database, hosting, pubsub {"metadata":{"emulator":{"name":"functions"},"message":"The following emulators are not running, calls to these services from the Functions emulator will affect production: \u001b[1mauth, firestore, database, hosting, pubsub\u001b[22m"}}
[warn] ⚠  Your requested "node" version "10" doesn't match your global version "14" {"metadata":{"emulator":{"name":"functions"},"message":"Your requested \"node\" version \"10\" doesn't match your global version \"14\""}}
[debug] [2020-09-28T01:32:40.029Z] defaultcredentials: writing to file /Users/maxwellphillips/.config/firebase/maxwell20153_gmail_com_application_default_credentials.json
[debug] [2020-09-28T01:32:40.033Z] Setting GAC to /Users/maxwellphillips/.config/firebase/maxwell20153_gmail_com_application_default_credentials.json {"metadata":{"emulator":{"name":"functions"},"message":"Setting GAC to /Users/maxwellphillips/.config/firebase/maxwell20153_gmail_com_application_default_credentials.json"}}
[debug] [2020-09-28T01:32:40.306Z] Ignoring unsupported arg: auto_download {"metadata":{"emulator":{"name":"ui"},"message":"Ignoring unsupported arg: auto_download"}}
[debug] [2020-09-28T01:32:40.306Z] Ignoring unsupported arg: port {"metadata":{"emulator":{"name":"ui"},"message":"Ignoring unsupported arg: port"}}
[debug] [2020-09-28T01:32:40.307Z] Starting Emulator UI with command {"binary":"node","args":["/Users/maxwellphillips/.cache/firebase/emulators/ui-v1.1.1/server.bundle.js"],"optionalArgs":[],"joinArgs":false} {"metadata":{"emulator":{"name":"ui"},"message":"Starting Emulator UI with command {\"binary\":\"node\",\"args\":[\"/Users/maxwellphillips/.cache/firebase/emulators/ui-v1.1.1/server.bundle.js\"],\"optionalArgs\":[],\"joinArgs\":false}"}}
[info] i  ui: Emulator UI logging to ui-debug.log {"metadata":{"emulator":{"name":"ui"},"message":"Emulator UI logging to \u001b[1mui-debug.log\u001b[22m"}}
[debug] [2020-09-28T01:32:40.496Z] Web / API server started at http://localhost:4000
 {"metadata":{"emulator":{"name":"ui"},"message":"Web / API server started at http://localhost:4000\n"}}
[info] i  functions: Watching "/Users/maxwellphillips/Desktop/firebase-twilio-video-chat/functions" for Cloud Functions... {"metadata":{"emulator":{"name":"functions"},"message":"Watching \"/Users/maxwellphillips/Desktop/firebase-twilio-video-chat/functions\" for Cloud Functions..."}}
[debug] [2020-09-28T01:32:40.604Z] [worker-pool] addWorker(~diagnostic~) {"metadata":{"emulator":{"name":"functions"},"message":"[worker-pool] addWorker(~diagnostic~)"}}
[debug] [2020-09-28T01:32:40.605Z] [worker-pool] Adding worker with key ~diagnostic~, total=1 {"metadata":{"emulator":{"name":"functions"},"message":"[worker-pool] Adding worker with key ~diagnostic~, total=1"}}
[debug] [2020-09-28T01:32:40.605Z] [worker-pool] submitWork(triggerId=) {"metadata":{"emulator":{"name":"functions"},"message":"[worker-pool] submitWork(triggerId=)"}}
[debug] [2020-09-28T01:32:40.606Z] [worker-~diagnostic~-59468714-f4de-46ff-b060-ad5c10a62ed3]: Assigning socketPath: /var/folders/tv/sdhxh6vn3qq5sxg1ql846dnw0000gp/T/fire_emu_92991.sock {"metadata":{"emulator":{"name":"functions"},"message":"[worker-~diagnostic~-59468714-f4de-46ff-b060-ad5c10a62ed3]: Assigning socketPath: /var/folders/tv/sdhxh6vn3qq5sxg1ql846dnw0000gp/T/fire_emu_92991.sock"}}
[debug] [2020-09-28T01:32:40.606Z] [worker-~diagnostic~-59468714-f4de-46ff-b060-ad5c10a62ed3]: BUSY {"metadata":{"emulator":{"name":"functions"},"message":"[worker-~diagnostic~-59468714-f4de-46ff-b060-ad5c10a62ed3]: BUSY"}}
[debug] [2020-09-28T01:32:40.959Z] [runtime-status] [92991] Functions runtime initialized. {"cwd":"/Users/maxwellphillips/Desktop/firebase-twilio-video-chat/functions","node_version":"14.12.0"} {"metadata":{"emulator":{"name":"functions"},"message":"[runtime-status] [92991] Functions runtime initialized. {\"cwd\":\"/Users/maxwellphillips/Desktop/firebase-twilio-video-chat/functions\",\"node_version\":\"14.12.0\"}"}}
[debug] [2020-09-28T01:32:40.960Z] [runtime-status] [92991] Disabled runtime features: undefined {"metadata":{"emulator":{"name":"functions"},"message":"[runtime-status] [92991] Disabled runtime features: undefined"}}
[debug] [2020-09-28T01:32:40.962Z] [runtime-status] [92991] Resolved module firebase-admin {"declared":true,"installed":true,"version":"8.13.0","resolution":"/Users/maxwellphillips/Desktop/firebase-twilio-video-chat/functions/node_modules/firebase-admin/lib/index.js"} {"metadata":{"emulator":{"name":"functions"},"message":"[runtime-status] [92991] Resolved module firebase-admin {\"declared\":true,\"installed\":true,\"version\":\"8.13.0\",\"resolution\":\"/Users/maxwellphillips/Desktop/firebase-twilio-video-chat/functions/node_modules/firebase-admin/lib/index.js\"}"}}
[debug] [2020-09-28T01:32:40.964Z] [runtime-status] [92991] Resolved module firebase-functions {"declared":true,"installed":true,"version":"3.11.0","resolution":"/Users/maxwellphillips/Desktop/firebase-twilio-video-chat/functions/node_modules/firebase-functions/lib/index.js"} {"metadata":{"emulator":{"name":"functions"},"message":"[runtime-status] [92991] Resolved module firebase-functions {\"declared\":true,\"installed\":true,\"version\":\"3.11.0\",\"resolution\":\"/Users/maxwellphillips/Desktop/firebase-twilio-video-chat/functions/node_modules/firebase-functions/lib/index.js\"}"}}
[debug] [2020-09-28T01:32:40.966Z] [runtime-status] [92991] Resolved module firebase-functions {"declared":true,"installed":true,"version":"3.11.0","resolution":"/Users/maxwellphillips/Desktop/firebase-twilio-video-chat/functions/node_modules/firebase-functions/lib/index.js"} {"metadata":{"emulator":{"name":"functions"},"message":"[runtime-status] [92991] Resolved module firebase-functions {\"declared\":true,\"installed\":true,\"version\":\"3.11.0\",\"resolution\":\"/Users/maxwellphillips/Desktop/firebase-twilio-video-chat/functions/node_modules/firebase-functions/lib/index.js\"}"}}
[debug] [2020-09-28T01:32:40.968Z] [runtime-status] [92991] Outgoing network have been stubbed. [{"name":"http","status":"mocked"},{"name":"http","status":"mocked"},{"name":"https","status":"mocked"},{"name":"https","status":"mocked"},{"name":"net","status":"mocked"}] {"metadata":{"emulator":{"name":"functions"},"message":"[runtime-status] [92991] Outgoing network have been stubbed. [{\"name\":\"http\",\"status\":\"mocked\"},{\"name\":\"http\",\"status\":\"mocked\"},{\"name\":\"https\",\"status\":\"mocked\"},{\"name\":\"https\",\"status\":\"mocked\"},{\"name\":\"net\",\"status\":\"mocked\"}]"}}
[debug] [2020-09-28T01:32:40.968Z] [runtime-status] [92991] Resolved module firebase-functions {"declared":true,"installed":true,"version":"3.11.0","resolution":"/Users/maxwellphillips/Desktop/firebase-twilio-video-chat/functions/node_modules/firebase-functions/lib/index.js"} {"metadata":{"emulator":{"name":"functions"},"message":"[runtime-status] [92991] Resolved module firebase-functions {\"declared\":true,\"installed\":true,\"version\":\"3.11.0\",\"resolution\":\"/Users/maxwellphillips/Desktop/firebase-twilio-video-chat/functions/node_modules/firebase-functions/lib/index.js\"}"}}
[debug] [2020-09-28T01:32:41.015Z] [runtime-status] [92991] Checked functions.config() {"config":{"twilio":{"account_sid":"AC9bbf8653e54a229ed73f6d88d1af0afa","api_key_secret":"KMKc4s6QmRU5neb2xYJ6e19gsiCA8lB0","api_key_sid":"SKc3434cab3d2fda42cb4ecea3dce17502"}}} {"metadata":{"emulator":{"name":"functions"},"message":"[runtime-status] [92991] Checked functions.config() {\"config\":{\"twilio\":{\"account_sid\":\"AC9bbf8653e54a229ed73f6d88d1af0afa\",\"api_key_secret\":\"KMKc4s6QmRU5neb2xYJ6e19gsiCA8lB0\",\"api_key_sid\":\"SKc3434cab3d2fda42cb4ecea3dce17502\"}}}"}}
[debug] [2020-09-28T01:32:41.016Z] [runtime-status] [92991] firebase-functions has been stubbed. {"functionsResolution":{"declared":true,"installed":true,"version":"3.11.0","resolution":"/Users/maxwellphillips/Desktop/firebase-twilio-video-chat/functions/node_modules/firebase-functions/lib/index.js"}} {"metadata":{"emulator":{"name":"functions"},"message":"[runtime-status] [92991] firebase-functions has been stubbed. {\"functionsResolution\":{\"declared\":true,\"installed\":true,\"version\":\"3.11.0\",\"resolution\":\"/Users/maxwellphillips/Desktop/firebase-twilio-video-chat/functions/node_modules/firebase-functions/lib/index.js\"}}"}}
[debug] [2020-09-28T01:32:41.016Z] [runtime-status] [92991] Resolved module firebase-functions {"declared":true,"installed":true,"version":"3.11.0","resolution":"/Users/maxwellphillips/Desktop/firebase-twilio-video-chat/functions/node_modules/firebase-functions/lib/index.js"} {"metadata":{"emulator":{"name":"functions"},"message":"[runtime-status] [92991] Resolved module firebase-functions {\"declared\":true,\"installed\":true,\"version\":\"3.11.0\",\"resolution\":\"/Users/maxwellphillips/Desktop/firebase-twilio-video-chat/functions/node_modules/firebase-functions/lib/index.js\"}"}}
[debug] [2020-09-28T01:32:41.017Z] [runtime-status] [92991] Resolved module firebase-admin {"declared":true,"installed":true,"version":"8.13.0","resolution":"/Users/maxwellphillips/Desktop/firebase-twilio-video-chat/functions/node_modules/firebase-admin/lib/index.js"} {"metadata":{"emulator":{"name":"functions"},"message":"[runtime-status] [92991] Resolved module firebase-admin {\"declared\":true,\"installed\":true,\"version\":\"8.13.0\",\"resolution\":\"/Users/maxwellphillips/Desktop/firebase-twilio-video-chat/functions/node_modules/firebase-admin/lib/index.js\"}"}}
[debug] [2020-09-28T01:32:41.018Z] [runtime-status] [92991] Resolved module firebase-functions {"declared":true,"installed":true,"version":"3.11.0","resolution":"/Users/maxwellphillips/Desktop/firebase-twilio-video-chat/functions/node_modules/firebase-functions/lib/index.js"} {"metadata":{"emulator":{"name":"functions"},"message":"[runtime-status] [92991] Resolved module firebase-functions {\"declared\":true,\"installed\":true,\"version\":\"3.11.0\",\"resolution\":\"/Users/maxwellphillips/Desktop/firebase-twilio-video-chat/functions/node_modules/firebase-functions/lib/index.js\"}"}}
[debug] [2020-09-28T01:32:41.019Z] [runtime-status] [92991] firebase-admin has been stubbed. {"adminResolution":{"declared":true,"installed":true,"version":"8.13.0","resolution":"/Users/maxwellphillips/Desktop/firebase-twilio-video-chat/functions/node_modules/firebase-admin/lib/index.js"}} {"metadata":{"emulator":{"name":"functions"},"message":"[runtime-status] [92991] firebase-admin has been stubbed. {\"adminResolution\":{\"declared\":true,\"installed\":true,\"version\":\"8.13.0\",\"resolution\":\"/Users/maxwellphillips/Desktop/firebase-twilio-video-chat/functions/node_modules/firebase-admin/lib/index.js\"}}"}}
[info] ✔  functions[getToken]: http function initialized (http://localhost:5001/fir-twilio-video-chat/us-central1/getToken). {"metadata":{"emulator":{"name":"functions"},"message":"\u001b[1mhttp\u001b[22m function initialized (http://localhost:5001/fir-twilio-video-chat/us-central1/getToken)."}}
[info] 
┌───────────────────────────────────────────────────────────────────────┐
│ ✔  All emulators ready! View status and logs at http://localhost:4000 │
└───────────────────────────────────────────────────────────────────────┘

┌───────────┬────────────────┬─────────────────────────────────┐
│ Emulator  │ Host:Port      │ View in Emulator UI             │
├───────────┼────────────────┼─────────────────────────────────┤
│ Functions │ localhost:5001 │ http://localhost:4000/functions │
└───────────┴────────────────┴─────────────────────────────────┘
  Other reserved ports: 4400, 4500

Issues? Report them at https://github.com/firebase/firebase-tools/issues and attach the *-debug.log files.
 
[debug] [2020-09-28T01:32:41.028Z] [worker-~diagnostic~-59468714-f4de-46ff-b060-ad5c10a62ed3]: IDLE {"metadata":{"emulator":{"name":"functions"},"message":"[worker-~diagnostic~-59468714-f4de-46ff-b060-ad5c10a62ed3]: IDLE"}}
[debug] [2020-09-28T01:32:48.974Z] [work-queue] {"queueLength":1,"workRunningCount":0}
[debug] [2020-09-28T01:32:48.974Z] [work-queue] {"queueLength":0,"workRunningCount":1}
[debug] [2020-09-28T01:32:48.975Z] Accepted request POST /fir-twilio-video-chat/us-central1/getToken --> getToken
[debug] [2020-09-28T01:32:48.981Z] [worker-pool] addWorker(getToken) {"metadata":{"emulator":{"name":"functions"},"message":"[worker-pool] addWorker(getToken)"}}
[debug] [2020-09-28T01:32:48.982Z] [worker-pool] Adding worker with key getToken, total=1 {"metadata":{"emulator":{"name":"functions"},"message":"[worker-pool] Adding worker with key getToken, total=1"}}
[debug] [2020-09-28T01:32:48.982Z] [worker-pool] submitWork(triggerId=getToken) {"metadata":{"emulator":{"name":"functions"},"message":"[worker-pool] submitWork(triggerId=getToken)"}}
[debug] [2020-09-28T01:32:48.982Z] [worker-getToken-89b95df4-f2d8-4ffd-a31f-a4eae5e9b957]: Assigning socketPath: /var/folders/tv/sdhxh6vn3qq5sxg1ql846dnw0000gp/T/fire_emu_93033.sock {"metadata":{"emulator":{"name":"functions"},"message":"[worker-getToken-89b95df4-f2d8-4ffd-a31f-a4eae5e9b957]: Assigning socketPath: /var/folders/tv/sdhxh6vn3qq5sxg1ql846dnw0000gp/T/fire_emu_93033.sock"}}
[debug] [2020-09-28T01:32:48.982Z] [worker-getToken-89b95df4-f2d8-4ffd-a31f-a4eae5e9b957]: BUSY {"metadata":{"emulator":{"name":"functions"},"message":"[worker-getToken-89b95df4-f2d8-4ffd-a31f-a4eae5e9b957]: BUSY"}}
[debug] [2020-09-28T01:32:49.393Z] [runtime-status] [93033] Functions runtime initialized. {"cwd":"/Users/maxwellphillips/Desktop/firebase-twilio-video-chat/functions","node_version":"14.12.0"} {"metadata":{"emulator":{"name":"functions"},"function":{"name":"getToken"},"message":"[runtime-status] [93033] Functions runtime initialized. {\"cwd\":\"/Users/maxwellphillips/Desktop/firebase-twilio-video-chat/functions\",\"node_version\":\"14.12.0\"}"}}
[debug] [2020-09-28T01:32:49.395Z] [runtime-status] [93033] Disabled runtime features: undefined {"metadata":{"emulator":{"name":"functions"},"function":{"name":"getToken"},"message":"[runtime-status] [93033] Disabled runtime features: undefined"}}
[debug] [2020-09-28T01:32:49.398Z] [runtime-status] [93033] Resolved module firebase-admin {"declared":true,"installed":true,"version":"8.13.0","resolution":"/Users/maxwellphillips/Desktop/firebase-twilio-video-chat/functions/node_modules/firebase-admin/lib/index.js"} {"metadata":{"emulator":{"name":"functions"},"function":{"name":"getToken"},"message":"[runtime-status] [93033] Resolved module firebase-admin {\"declared\":true,\"installed\":true,\"version\":\"8.13.0\",\"resolution\":\"/Users/maxwellphillips/Desktop/firebase-twilio-video-chat/functions/node_modules/firebase-admin/lib/index.js\"}"}}
[debug] [2020-09-28T01:32:49.399Z] [runtime-status] [93033] Resolved module firebase-functions {"declared":true,"installed":true,"version":"3.11.0","resolution":"/Users/maxwellphillips/Desktop/firebase-twilio-video-chat/functions/node_modules/firebase-functions/lib/index.js"} {"metadata":{"emulator":{"name":"functions"},"function":{"name":"getToken"},"message":"[runtime-status] [93033] Resolved module firebase-functions {\"declared\":true,\"installed\":true,\"version\":\"3.11.0\",\"resolution\":\"/Users/maxwellphillips/Desktop/firebase-twilio-video-chat/functions/node_modules/firebase-functions/lib/index.js\"}"}}
[debug] [2020-09-28T01:32:49.401Z] [runtime-status] [93033] Resolved module firebase-functions {"declared":true,"installed":true,"version":"3.11.0","resolution":"/Users/maxwellphillips/Desktop/firebase-twilio-video-chat/functions/node_modules/firebase-functions/lib/index.js"} {"metadata":{"emulator":{"name":"functions"},"function":{"name":"getToken"},"message":"[runtime-status] [93033] Resolved module firebase-functions {\"declared\":true,\"installed\":true,\"version\":\"3.11.0\",\"resolution\":\"/Users/maxwellphillips/Desktop/firebase-twilio-video-chat/functions/node_modules/firebase-functions/lib/index.js\"}"}}
[debug] [2020-09-28T01:32:49.403Z] [runtime-status] [93033] Outgoing network have been stubbed. [{"name":"http","status":"mocked"},{"name":"http","status":"mocked"},{"name":"https","status":"mocked"},{"name":"https","status":"mocked"},{"name":"net","status":"mocked"}] {"metadata":{"emulator":{"name":"functions"},"function":{"name":"getToken"},"message":"[runtime-status] [93033] Outgoing network have been stubbed. [{\"name\":\"http\",\"status\":\"mocked\"},{\"name\":\"http\",\"status\":\"mocked\"},{\"name\":\"https\",\"status\":\"mocked\"},{\"name\":\"https\",\"status\":\"mocked\"},{\"name\":\"net\",\"status\":\"mocked\"}]"}}
[debug] [2020-09-28T01:32:49.404Z] [runtime-status] [93033] Resolved module firebase-functions {"declared":true,"installed":true,"version":"3.11.0","resolution":"/Users/maxwellphillips/Desktop/firebase-twilio-video-chat/functions/node_modules/firebase-functions/lib/index.js"} {"metadata":{"emulator":{"name":"functions"},"function":{"name":"getToken"},"message":"[runtime-status] [93033] Resolved module firebase-functions {\"declared\":true,\"installed\":true,\"version\":\"3.11.0\",\"resolution\":\"/Users/maxwellphillips/Desktop/firebase-twilio-video-chat/functions/node_modules/firebase-functions/lib/index.js\"}"}}
[debug] [2020-09-28T01:32:49.447Z] [runtime-status] [93033] Checked functions.config() {"config":{"twilio":{"account_sid":"AC9bbf8653e54a229ed73f6d88d1af0afa","api_key_secret":"KMKc4s6QmRU5neb2xYJ6e19gsiCA8lB0","api_key_sid":"SKc3434cab3d2fda42cb4ecea3dce17502"}}} {"metadata":{"emulator":{"name":"functions"},"function":{"name":"getToken"},"message":"[runtime-status] [93033] Checked functions.config() {\"config\":{\"twilio\":{\"account_sid\":\"AC9bbf8653e54a229ed73f6d88d1af0afa\",\"api_key_secret\":\"KMKc4s6QmRU5neb2xYJ6e19gsiCA8lB0\",\"api_key_sid\":\"SKc3434cab3d2fda42cb4ecea3dce17502\"}}}"}}
[debug] [2020-09-28T01:32:49.448Z] [runtime-status] [93033] firebase-functions has been stubbed. {"functionsResolution":{"declared":true,"installed":true,"version":"3.11.0","resolution":"/Users/maxwellphillips/Desktop/firebase-twilio-video-chat/functions/node_modules/firebase-functions/lib/index.js"}} {"metadata":{"emulator":{"name":"functions"},"function":{"name":"getToken"},"message":"[runtime-status] [93033] firebase-functions has been stubbed. {\"functionsResolution\":{\"declared\":true,\"installed\":true,\"version\":\"3.11.0\",\"resolution\":\"/Users/maxwellphillips/Desktop/firebase-twilio-video-chat/functions/node_modules/firebase-functions/lib/index.js\"}}"}}
[debug] [2020-09-28T01:32:49.448Z] [runtime-status] [93033] Resolved module firebase-functions {"declared":true,"installed":true,"version":"3.11.0","resolution":"/Users/maxwellphillips/Desktop/firebase-twilio-video-chat/functions/node_modules/firebase-functions/lib/index.js"} {"metadata":{"emulator":{"name":"functions"},"function":{"name":"getToken"},"message":"[runtime-status] [93033] Resolved module firebase-functions {\"declared\":true,\"installed\":true,\"version\":\"3.11.0\",\"resolution\":\"/Users/maxwellphillips/Desktop/firebase-twilio-video-chat/functions/node_modules/firebase-functions/lib/index.js\"}"}}
[debug] [2020-09-28T01:32:49.449Z] [runtime-status] [93033] Resolved module firebase-admin {"declared":true,"installed":true,"version":"8.13.0","resolution":"/Users/maxwellphillips/Desktop/firebase-twilio-video-chat/functions/node_modules/firebase-admin/lib/index.js"} {"metadata":{"emulator":{"name":"functions"},"function":{"name":"getToken"},"message":"[runtime-status] [93033] Resolved module firebase-admin {\"declared\":true,\"installed\":true,\"version\":\"8.13.0\",\"resolution\":\"/Users/maxwellphillips/Desktop/firebase-twilio-video-chat/functions/node_modules/firebase-admin/lib/index.js\"}"}}
[debug] [2020-09-28T01:32:49.449Z] [runtime-status] [93033] Resolved module firebase-functions {"declared":true,"installed":true,"version":"3.11.0","resolution":"/Users/maxwellphillips/Desktop/firebase-twilio-video-chat/functions/node_modules/firebase-functions/lib/index.js"} {"metadata":{"emulator":{"name":"functions"},"function":{"name":"getToken"},"message":"[runtime-status] [93033] Resolved module firebase-functions {\"declared\":true,\"installed\":true,\"version\":\"3.11.0\",\"resolution\":\"/Users/maxwellphillips/Desktop/firebase-twilio-video-chat/functions/node_modules/firebase-functions/lib/index.js\"}"}}
[debug] [2020-09-28T01:32:49.450Z] [runtime-status] [93033] firebase-admin has been stubbed. {"adminResolution":{"declared":true,"installed":true,"version":"8.13.0","resolution":"/Users/maxwellphillips/Desktop/firebase-twilio-video-chat/functions/node_modules/firebase-admin/lib/index.js"}} {"metadata":{"emulator":{"name":"functions"},"function":{"name":"getToken"},"message":"[runtime-status] [93033] firebase-admin has been stubbed. {\"adminResolution\":{\"declared\":true,\"installed\":true,\"version\":\"8.13.0\",\"resolution\":\"/Users/maxwellphillips/Desktop/firebase-twilio-video-chat/functions/node_modules/firebase-admin/lib/index.js\"}}"}}
[debug] [2020-09-28T01:32:49.452Z] [runtime-status] [93033] Trigger "getToken" has been found, beginning invocation! {"metadata":{"emulator":{"name":"functions"},"function":{"name":"getToken"},"message":"[runtime-status] [93033] Trigger \"getToken\" has been found, beginning invocation!"}}
[info] i  functions: Beginning execution of "getToken" {"metadata":{"emulator":{"name":"functions"},"function":{"name":"getToken"},"message":"Beginning execution of \"getToken\""}}
[debug] [2020-09-28T01:32:49.453Z] [runtime-status] [93033] triggerDefinition {"httpsTrigger":{},"name":"getToken","entryPoint":"getToken"} {"metadata":{"emulator":{"name":"functions"},"function":{"name":"getToken"},"message":"[runtime-status] [93033] triggerDefinition {\"httpsTrigger\":{},\"name\":\"getToken\",\"entryPoint\":\"getToken\"}"}}
[debug] [2020-09-28T01:32:49.453Z] [runtime-status] [93033] Running getToken in mode HTTPS {"metadata":{"emulator":{"name":"functions"},"function":{"name":"getToken"},"message":"[runtime-status] [93033] Running getToken in mode HTTPS"}}
[debug] [2020-09-28T01:32:49.458Z] [runtime-status] [93033] Attempting to listen to socketPath: /var/folders/tv/sdhxh6vn3qq5sxg1ql846dnw0000gp/T/fire_emu_93033.sock {"metadata":{"emulator":{"name":"functions"},"function":{"name":"getToken"},"message":"[runtime-status] [93033] Attempting to listen to socketPath: /var/folders/tv/sdhxh6vn3qq5sxg1ql846dnw0000gp/T/fire_emu_93033.sock"}}
[debug] [2020-09-28T01:32:49.461Z] [functions] Runtime ready! Sending request! {"metadata":{"emulator":{"name":"functions"},"message":"[functions] Runtime ready! Sending request!"}}
[debug] [2020-09-28T01:32:49.475Z] [runtime-status] [93033] Ephemeral server handling POST request {"metadata":{"emulator":{"name":"functions"},"function":{"name":"getToken"},"message":"[runtime-status] [93033] Ephemeral server handling POST request"}}
[debug] [2020-09-28T01:32:49.521Z] [runtime-status] [93033] Ephemeral server survived. {"metadata":{"emulator":{"name":"functions"},"function":{"name":"getToken"},"message":"[runtime-status] [93033] Ephemeral server survived."}}
[info] i  functions: Finished "getToken" in ~1s {"metadata":{"emulator":{"name":"functions"},"function":{"name":"getToken"},"message":"Finished \"getToken\" in ~1s"}}
[debug] [2020-09-28T01:32:49.527Z] [worker-getToken-89b95df4-f2d8-4ffd-a31f-a4eae5e9b957]: IDLE {"metadata":{"emulator":{"name":"functions"},"message":"[worker-getToken-89b95df4-f2d8-4ffd-a31f-a4eae5e9b957]: IDLE"}}
[debug] [2020-09-28T01:32:49.528Z] [work-queue] {"queueLength":0,"workRunningCount":0}
[debug] [2020-09-28T01:33:04.707Z] [work-queue] {"queueLength":1,"workRunningCount":0}
[debug] [2020-09-28T01:33:04.707Z] [work-queue] {"queueLength":0,"workRunningCount":1}
[debug] [2020-09-28T01:33:04.707Z] Accepted request POST /fir-twilio-video-chat/us-central1/getToken/api/token --> getToken
[debug] [2020-09-28T01:33:04.707Z] [worker-pool] submitWork(triggerId=getToken) {"metadata":{"emulator":{"name":"functions"},"message":"[worker-pool] submitWork(triggerId=getToken)"}}
[debug] [2020-09-28T01:33:04.708Z] [worker-getToken-89b95df4-f2d8-4ffd-a31f-a4eae5e9b957]: Assigning socketPath: /var/folders/tv/sdhxh6vn3qq5sxg1ql846dnw0000gp/T/fire_emu_93033.sock {"metadata":{"emulator":{"name":"functions"},"message":"[worker-getToken-89b95df4-f2d8-4ffd-a31f-a4eae5e9b957]: Assigning socketPath: /var/folders/tv/sdhxh6vn3qq5sxg1ql846dnw0000gp/T/fire_emu_93033.sock"}}
[debug] [2020-09-28T01:33:04.708Z] [worker-getToken-89b95df4-f2d8-4ffd-a31f-a4eae5e9b957]: BUSY {"metadata":{"emulator":{"name":"functions"},"message":"[worker-getToken-89b95df4-f2d8-4ffd-a31f-a4eae5e9b957]: BUSY"}}
[debug] [2020-09-28T01:33:04.709Z] [runtime-status] [93033] Trigger "getToken" has been found, beginning invocation! {"metadata":{"emulator":{"name":"functions"},"function":{"name":"getToken"},"message":"[runtime-status] [93033] Trigger \"getToken\" has been found, beginning invocation!"}}
[info] i  functions: Beginning execution of "getToken" {"metadata":{"emulator":{"name":"functions"},"function":{"name":"getToken"},"message":"Beginning execution of \"getToken\""}}
[debug] [2020-09-28T01:33:04.710Z] [runtime-status] [93033] triggerDefinition {"httpsTrigger":{},"name":"getToken","entryPoint":"getToken"} {"metadata":{"emulator":{"name":"functions"},"function":{"name":"getToken"},"message":"[runtime-status] [93033] triggerDefinition {\"httpsTrigger\":{},\"name\":\"getToken\",\"entryPoint\":\"getToken\"}"}}
[debug] [2020-09-28T01:33:04.710Z] [runtime-status] [93033] Running getToken in mode HTTPS {"metadata":{"emulator":{"name":"functions"},"function":{"name":"getToken"},"message":"[runtime-status] [93033] Running getToken in mode HTTPS"}}
[debug] [2020-09-28T01:33:04.711Z] [runtime-status] [93033] Attempting to listen to socketPath: /var/folders/tv/sdhxh6vn3qq5sxg1ql846dnw0000gp/T/fire_emu_93033.sock {"metadata":{"emulator":{"name":"functions"},"function":{"name":"getToken"},"message":"[runtime-status] [93033] Attempting to listen to socketPath: /var/folders/tv/sdhxh6vn3qq5sxg1ql846dnw0000gp/T/fire_emu_93033.sock"}}
[debug] [2020-09-28T01:33:04.712Z] [functions] Runtime ready! Sending request! {"metadata":{"emulator":{"name":"functions"},"message":"[functions] Runtime ready! Sending request!"}}
[debug] [2020-09-28T01:33:04.728Z] [runtime-status] [93033] Ephemeral server handling POST request {"metadata":{"emulator":{"name":"functions"},"function":{"name":"getToken"},"message":"[runtime-status] [93033] Ephemeral server handling POST request"}}
[debug] [2020-09-28T01:33:04.730Z] [runtime-status] [93033] Ephemeral server survived. {"metadata":{"emulator":{"name":"functions"},"function":{"name":"getToken"},"message":"[runtime-status] [93033] Ephemeral server survived."}}
[info] i  functions: Finished "getToken" in ~1s {"metadata":{"emulator":{"name":"functions"},"function":{"name":"getToken"},"message":"Finished \"getToken\" in ~1s"}}
[debug] [2020-09-28T01:33:04.732Z] [worker-getToken-89b95df4-f2d8-4ffd-a31f-a4eae5e9b957]: IDLE {"metadata":{"emulator":{"name":"functions"},"message":"[worker-getToken-89b95df4-f2d8-4ffd-a31f-a4eae5e9b957]: IDLE"}}
[debug] [2020-09-28T01:33:04.732Z] [work-queue] {"queueLength":0,"workRunningCount":0}
